c:\users\devop\onedrive\desktop\studentapp\freertos\freertos\demo\win32-msvc\debug\vc142.pdb
c:\users\devop\onedrive\desktop\studentapp\freertos\freertos\demo\win32-msvc\debug\vc142.idb
c:\users\devop\onedrive\desktop\studentapp\freertos\freertos\demo\win32-msvc\debug\run-time-stats-utils.obj
c:\users\devop\onedrive\desktop\studentapp\freertos\freertos\demo\win32-msvc\debug\tasks.obj
c:\users\devop\onedrive\desktop\studentapp\freertos\freertos\demo\win32-msvc\debug\queue.obj
c:\users\devop\onedrive\desktop\studentapp\freertos\freertos\demo\win32-msvc\debug\port.obj
c:\users\devop\onedrive\desktop\studentapp\freertos\freertos\demo\win32-msvc\debug\list.obj
c:\users\devop\onedrive\desktop\studentapp\freertos\freertos\demo\win32-msvc\debug\main.obj
c:\users\devop\onedrive\desktop\studentapp\freertos\freertos\demo\win32-msvc\debug\timers.obj
c:\users\devop\onedrive\desktop\studentapp\freertos\freertos\demo\win32-msvc\debug\stream_buffer.obj
c:\users\devop\onedrive\desktop\studentapp\freertos\freertos\demo\win32-msvc\debug\heap_5.obj
c:\users\devop\onedrive\desktop\studentapp\freertos\freertos\demo\win32-msvc\debug\event_groups.obj
c:\users\devop\onedrive\desktop\studentapp\freertos\freertos\demo\win32-msvc\debug\trcsnapshotrecorder.obj
c:\users\devop\onedrive\desktop\studentapp\freertos\freertos\demo\win32-msvc\debug\trckernelport.obj
c:\users\devop\onedrive\desktop\studentapp\freertos\freertos\demo\win32-msvc\debug\file.obj
c:\users\devop\onedrive\desktop\studentapp\freertos\freertos\demo\win32-msvc\debug\main_myproject.obj
c:\users\devop\onedrive\desktop\studentapp\freertos\freertos\demo\win32-msvc\debug\rtosdemo.ilk
c:\users\devop\onedrive\desktop\studentapp\freertos\freertos\demo\win32-msvc\debug\rtosdemo.exe
c:\users\devop\onedrive\desktop\studentapp\freertos\freertos\demo\win32-msvc\debug\win32.pdb
c:\users\devop\onedrive\desktop\studentapp\freertos\freertos\demo\win32-msvc\debug\rtosdemo.tlog\cl.command.1.tlog
c:\users\devop\onedrive\desktop\studentapp\freertos\freertos\demo\win32-msvc\debug\rtosdemo.tlog\cl.read.1.tlog
c:\users\devop\onedrive\desktop\studentapp\freertos\freertos\demo\win32-msvc\debug\rtosdemo.tlog\cl.write.1.tlog
c:\users\devop\onedrive\desktop\studentapp\freertos\freertos\demo\win32-msvc\debug\rtosdemo.tlog\link.command.1.tlog
c:\users\devop\onedrive\desktop\studentapp\freertos\freertos\demo\win32-msvc\debug\rtosdemo.tlog\link.read.1.tlog
c:\users\devop\onedrive\desktop\studentapp\freertos\freertos\demo\win32-msvc\debug\rtosdemo.tlog\link.write.1.tlog
